0 info it worked if it ends with ok
1 verbose cli [ 'C:\\Program Files\\nodejs\\node.exe',
1 verbose cli   'C:\\Users\\met1s\\AppData\\Roaming\\npm\\node_modules\\npm\\bin\\npm-cli.js',
1 verbose cli   'run',
1 verbose cli   'start' ]
2 info using npm@4.0.3
3 info using node@v8.11.1
4 verbose run-script [ 'prestart', 'start', 'poststart' ]
5 info lifecycle dev_challenge@1.0.0~prestart: dev_challenge@1.0.0
6 silly lifecycle dev_challenge@1.0.0~prestart: no script for prestart, continuing
7 info lifecycle dev_challenge@1.0.0~start: dev_challenge@1.0.0
8 verbose lifecycle dev_challenge@1.0.0~start: unsafe-perm in lifecycle true
9 verbose lifecycle dev_challenge@1.0.0~start: PATH: C:\Users\met1s\AppData\Roaming\npm\node_modules\npm\bin\node-gyp-bin;D:\Сat\rock-n-roll\node_modules\.bin;C:\Program Files (x86)\Intel\iCLS Client\;C:\Program Files\Intel\iCLS Client\;C:\ProgramData\Oracle\Java\javapath;C:\WINDOWS\system32;C:\WINDOWS;C:\WINDOWS\System32\Wbem;C:\WINDOWS\System32\WindowsPowerShell\v1.0\;C:\Program Files (x86)\ATI Technologies\ATI.ACE\Core-Static;C:\Program Files\Intel\Intel(R) Management Engine Components\DAL;C:\Program Files\Intel\Intel(R) Management Engine Components\IPT;C:\Program Files (x86)\Intel\Intel(R) Management Engine Components\DAL;C:\Program Files (x86)\Intel\Intel(R) Management Engine Components\IPT;C:\Program Files (x86)\AMD\ATI.ACE\Core-Static;C:\Program Files\Git\cmd;C:\ProgramData\chocolatey\bin;C:\Program Files (x86)\Skype\Phone\;C:\Program Files (x86)\NVIDIA Corporation\PhysX\Common;C:\Users\met1s\AppData\Local\Programs\Python\Python36-32;C:\Users\met1s\AppData\Local\Programs\Python\Python36-32\Scripts;C:\cygwin64\bin;C:\Program Files (x86)\Yarn\bin;C:\Program Files\nodejs\;C:\Ruby24-x64\bin;C:\Users\met1s\AppData\Local\Microsoft\WindowsApps;C:\Users\met1s\AppData\Local\Yarn\bin;C:\Program Files\Microsoft VS Code\bin;C:\Users\met1s\AppData\Roaming\npm
10 verbose lifecycle dev_challenge@1.0.0~start: CWD: D:\Сat\rock-n-roll
11 silly lifecycle dev_challenge@1.0.0~start: Args: [ '/d /s /c', 'poi index.js' ]
12 silly lifecycle dev_challenge@1.0.0~start: Returned: code: 3221225786  signal: null
13 info lifecycle dev_challenge@1.0.0~start: Failed to exec start script
14 verbose stack Error: dev_challenge@1.0.0 start: `poi index.js`
14 verbose stack Exit status 3221225786
14 verbose stack     at EventEmitter.<anonymous> (C:\Users\met1s\AppData\Roaming\npm\node_modules\npm\lib\utils\lifecycle.js:279:16)
14 verbose stack     at emitTwo (events.js:126:13)
14 verbose stack     at EventEmitter.emit (events.js:214:7)
14 verbose stack     at ChildProcess.<anonymous> (C:\Users\met1s\AppData\Roaming\npm\node_modules\npm\lib\utils\spawn.js:40:14)
14 verbose stack     at emitTwo (events.js:126:13)
14 verbose stack     at ChildProcess.emit (events.js:214:7)
14 verbose stack     at maybeClose (internal/child_process.js:925:16)
14 verbose stack     at Process.ChildProcess._handle.onexit (internal/child_process.js:209:5)
15 verbose pkgid dev_challenge@1.0.0
16 verbose cwd D:\Сat\rock-n-roll
17 error Windows_NT 10.0.16299
18 error argv "C:\\Program Files\\nodejs\\node.exe" "C:\\Users\\met1s\\AppData\\Roaming\\npm\\node_modules\\npm\\bin\\npm-cli.js" "run" "start"
19 error node v8.11.1
20 error npm  v4.0.3
21 error code ELIFECYCLE
22 error dev_challenge@1.0.0 start: `poi index.js`
22 error Exit status 3221225786
23 error Failed at the dev_challenge@1.0.0 start script 'poi index.js'.
23 error Make sure you have the latest version of node.js and npm installed.
23 error If you do, this is most likely a problem with the dev_challenge package,
23 error not with npm itself.
23 error Tell the author that this fails on your system:
23 error     poi index.js
23 error You can get information on how to open an issue for this project with:
23 error     npm bugs dev_challenge
23 error Or if that isn't available, you can get their info via:
23 error     npm owner ls dev_challenge
23 error There is likely additional logging output above.
24 verbose exit [ 1, true ]
